#
# A fatal error has been detected by the Java Runtime Environment:
#
#  EXCEPTION_ACCESS_VIOLATION (0xc0000005) at pc=0x00007ffbd1d0a6ee, pid=12180, tid=14208
#
# JRE version: OpenJDK Runtime Environment JBR-25.0.2+1-329.72-jcef (25.0.2+1) (build 25.0.2+1-b329.72)
# Java VM: OpenJDK 64-Bit Server VM JBR-25.0.2+1-329.72-jcef (25.0.2+1-b329.72, mixed mode, sharing, tiered, compressed oops, compressed class ptrs, g1 gc, windows-amd64)
# Problematic frame:
# V  [jvm.dll+0x7ea6ee]
#
# No core dump will be written. Minidumps are not enabled by default on client versions of Windows
#
# If you would like to submit a bug report, please visit:
#   https://youtrack.jetbrains.com/issues/JBR
#

---------------  S U M M A R Y ------------

Command Line: git4idea.http.GitAskPassApp Password for 'https://ddaumm@github.com': 

Host: Intel(R) Core(TM) i7-9750H CPU @ 2.60GHz, 12 cores, 15G,  Windows 11 , 64 bit Build 26100 (10.0.26100.7705)
Time: Mon Mar 30 16:22:41 2026 elapsed time: 0.592768 seconds (0d 0h 0m 0s)

---------------  T H R E A D  ---------------

Current thread (0x000001eec600da10):  JavaThread "C2 CompilerThread0" daemon [_thread_in_native, id=14208, stack(0x0000008851900000,0x0000008851a00000) (1024K)]


Current CompileTask:
C2:592  973       4       sun.security.ec.ECOperations::setDouble (463 bytes)

Stack: [0x0000008851900000,0x0000008851a00000],  sp=0x00000088519fbfd0,  free space=1007k
Native frames: (J=compiled Java code, j=interpreted, Vv=VM code, C=native code)
V  [jvm.dll+0x7ea6ee]  (no source info available)
V  [jvm.dll+0x7ea0aa]  (no source info available)
V  [jvm.dll+0x7e78c9]  (no source info available)
V  [jvm.dll+0x2cb4e0]  (no source info available)
V  [jvm.dll+0x2c8b54]  (no source info available)
V  [jvm.dll+0x240590]  (no source info available)
V  [jvm.dll+0x2d8ce4]  (no source info available)
V  [jvm.dll+0x2d6f0b]  (no source info available)
V  [jvm.dll+0x49dbb5]  (no source info available)
V  [jvm.dll+0x9ae45d]  (no source info available)
V  [jvm.dll+0x7bf035]  (no source info available)
C  [ucrtbase.dll+0x37b0]  (no source info available)
C  [KERNEL32.DLL+0x2e8d7]  (no source info available)
C  [ntdll.dll+0x8c40c]  (no source info available)


siginfo: EXCEPTION_ACCESS_VIOLATION (0xc0000005), reading address 0x000001f4c068eee8


Registers:
RAX=0x000001eec6908f80, RBX=0x000001eec65a05a8, RCX=0x00000088519fcd20, RDX=0x000001eec65a05a8
RSP=0x00000088519fbfd0, RBP=0x00000088519fcd20, RSI=0x000001eec65a05a8, RDI=0x000001eec66b3e48
R8 =0x000001eec6c70a68, R9 =0x00000000bf343c90, R10=0x000001eec6099530, R11=0x0000000000000000
R12=0x000001eec68b8768, R13=0x00000088519fcd20, R14=0x00000000000000a0, R15=0x0000000000000008
RIP=0x00007ffbd1d0a6ee, EFLAGS=0x0000000000010202

XMM[0]=0x0000000000000000 0x0000000000000000
XMM[1]=0x000001eec62f9158 0x000001eec635d3d0
XMM[2]=0x000001eec6352dc0 0x000001eec6352e40
XMM[3]=0x000001eec63523a8 0x000001eec6352400
XMM[4]=0x000001eec6390ee0 0x000001eec63522a8
XMM[5]=0x000001eec62f90e0 0x000001eec635d310
XMM[6]=0x0000000000000000 0x0000000000000000
XMM[7]=0x0000000000000000 0x0000000000000000
XMM[8]=0x0000000000000000 0x0000000000000000
XMM[9]=0x0000000000000000 0x0000000000000000
XMM[10]=0x0000000000000000 0x0000000000000000
XMM[11]=0x0000000000000000 0x0000000000000000
XMM[12]=0x0000000000000000 0x0000000000000000
XMM[13]=0x0000000000000000 0x0000000000000000
XMM[14]=0x0000000000000000 0x0000000000000000
XMM[15]=0x0000000000000000 0x0000000000000000
  MXCSR=0x00001fa0


Register to memory mapping:

RAX=0x000001eec6908f80 points into unknown readable memory: 0x00000088519fe4e0 | e0 e4 9f 51 88 00 00 00
RBX=0x000001eec65a05a8 points into unknown readable memory: 0x0000000000000000 | 00 00 00 00 00 00 00 00
RCX=0x00000088519fcd20 is pointing into the stack for thread: 0x000001eec600da10
RDX=0x000001eec65a05a8 points into unknown readable memory: 0x0000000000000000 | 00 00 00 00 00 00 00 00
RSP=0x00000088519fbfd0 is pointing into the stack for thread: 0x000001eec600da10
RBP=0x00000088519fcd20 is pointing into the stack for thread: 0x000001eec600da10
RSI=0x000001eec65a05a8 points into unknown readable memory: 0x0000000000000000 | 00 00 00 00 00 00 00 00
RDI=0x000001eec66b3e48 points into unknown readable memory: 0x00007ffbd20676b0 | b0 76 06 d2 fb 7f 00 00
R8 =0x000001eec6c70a68 points into unknown readable memory: 0x000001eec60557a8 | a8 57 05 c6 ee 01 00 00
R9 =0x00000000bf343c90 is an unknown value
R10=0x000001eec6099530 points into unknown readable memory: 0x000001eec6055738 | 38 57 05 c6 ee 01 00 00
R11=0x0 is null
R12=0x000001eec68b8768 points into unknown readable memory: 0x00007ffbd20676b0 | b0 76 06 d2 fb 7f 00 00
R13=0x00000088519fcd20 is pointing into the stack for thread: 0x000001eec600da10
R14=0x00000000000000a0 is an unknown value
R15=0x0000000000000008 is an unknown value

Top of Stack: (sp=0x00000088519fbfd0)
0x00000088519fbfd0:   000001eec67c7438 00000088519fcd20   8t|..... ..Q....
0x00000088519fbfe0:   000001eec68b7860 000001eec6055738   `x......8W......
0x00000088519fbff0:   000001eec66b3e48 0000000000000018   H>k.............
0x00000088519fc000:   00000088519fc110 00007ffbd1d0a0aa   ...Q............
0x00000088519fc010:   0000000000002000 00000000000003b8   . ..............
0x00000088519fc020:   00000088519fc110 000001eec65a05a8   ...Q......Z.....
0x00000088519fc030:   000010af00000056 000001eec6c420b8   V........ ......
0x00000088519fc040:   0000000000000000 00007ffbd235bce0   ..........5.....
0x00000088519fc050:   000001eebf31ab80 000001ee00004000   ..1......@......
0x00000088519fc060:   000001eec6b78788 00007ffbd1d0775d   ........]w......
0x00000088519fc070:   0000000000002108 0000020000000200   .!..............
0x00000088519fc080:   000001eec67d8f58 000001eebf31ab80   X.}.......1.....
0x00000088519fc090:   000001eebf31ab80 0000000000000000   ..1.............
0x00000088519fc0a0:   000001eec6c420b8 000001eebf31ab80   . ........1.....
0x00000088519fc0b0:   0000000000004000 000001eec6c90a88   .@..............
0x00000088519fc0c0:   0000000000000000 0000000000000000   ................
0x00000088519fc0d0:   000001eec6178bf8 00007ffb00001000   ................
0x00000088519fc0e0:   000001eec6b35ab8 000001eec6281660   .Z......`.(.....
0x00000088519fc0f0:   00000000000d0040 000001eec6289618   @.........(.....
0x00000088519fc100:   000001eec6289650 00000088519fc0a0   P.(........Q....
0x00000088519fc110:   000001eec6b68768 000001eebf31ab80   h.........1.....
0x00000088519fc120:   000001eebf343c08 000001eec6291660   .<4.....`.).....
0x00000088519fc130:   000001eea56b8280 0000000000000200   ..k.............
0x00000088519fc140:   00000088519fe433 00000088519fcd20   3..Q.... ..Q....
0x00000088519fc150:   00000088519fc290 00007ffbd1d078c9   ...Q.....x......
0x00000088519fc160:   000001eec66b3e48 000001eebf343c08   H>k......<4.....
0x00000088519fc170:   000001eec6278bc8 000001eebf31ab80   ..'.......1.....
0x00000088519fc180:   00000088519fe3b0 00007ffbd17eb4e0   ...Q......~.....
0x00000088519fc190:   00000088519fe3b0 00000088519fc290   ...Q.......Q....
0x00000088519fc1a0:   00000088519fe433 0000000000000200   3..Q............
0x00000088519fc1b0:   0000000000000000 00007ffc6b64c9db   ..........dk....
0x00000088519fc1c0:   0000000000000000 0000000000000000   ................

Instructions: (pc=0x00007ffbd1d0a6ee)
  0x00007ffbd1d0a5ee:   50 4c 8b 74 24 48 48 8b 4e 28 8b 53 28 48 8b 6c
  0x00007ffbd1d0a5fe:   24 40 3b 51 08 72 08 45 33 c0 e8 43 dc ff ff 48
  0x00007ffbd1d0a60e:   8b 03 48 8b d6 48 8b cb ff 50 40 48 8b 4e 28 48
  0x00007ffbd1d0a61e:   8b f8 8b 53 28 4c 8b 41 10 49 39 04 d0 74 1e 4c
  0x00007ffbd1d0a62e:   8b c0 e8 1b dc ff ff 48 8b d7 48 8b cb e8 b0 dc
  0x00007ffbd1d0a63e:   fa ff 48 8b d3 48 8b ce e8 d5 cb ff ff 48 8b 07
  0x00007ffbd1d0a64e:   48 8b cf ff 50 48 84 c0 74 38 f6 43 30 10 75 32
  0x00007ffbd1d0a65e:   48 8b d7 48 8b ce e8 07 db ff ff 48 8b f8 48 8b
  0x00007ffbd1d0a66e:   d3 48 8b ce e8 a9 cb ff ff 4c 8b c7 48 8b d3 48
  0x00007ffbd1d0a67e:   8b ce e8 ab f2 ff ff 48 8b c7 48 83 c4 20 5f 5e
  0x00007ffbd1d0a68e:   5b c3 48 8b 03 48 8b d6 48 8b cb ff 50 38 48 8b
  0x00007ffbd1d0a69e:   f8 48 8b d3 48 3b c3 75 c8 48 8b 4e 20 e8 f0 d6
  0x00007ffbd1d0a6ae:   ff ff 48 8b f8 48 85 c0 74 05 48 3b c3 75 af 48
  0x00007ffbd1d0a6be:   8b c3 48 83 c4 20 5f 5e 5b c3 cc cc cc cc cc cc
  0x00007ffbd1d0a6ce:   cc cc 48 89 5c 24 20 55 56 57 48 83 ec 20 48 8b
  0x00007ffbd1d0a6de:   41 28 48 8b e9 44 8b 4a 28 48 8b f2 4c 8b 40 10
=>0x00007ffbd1d0a6ee:   4b 8b 3c c8 48 8b cf 48 8b 07 ff 50 48 84 c0 0f
  0x00007ffbd1d0a6fe:   84 62 01 00 00 48 8b 0d 76 b8 68 00 4c 89 64 24
  0x00007ffbd1d0a70e:   40 4c 8b e6 48 3b f9 75 5e 48 8b 45 10 48 8b 80
  0x00007ffbd1d0a71e:   08 03 00 00 48 85 c0 74 0a 48 8b 40 08 48 83 38
  0x00007ffbd1d0a72e:   00 75 39 48 8b 5d 10 e8 56 fe af ff 48 8b d0 48
  0x00007ffbd1d0a73e:   8b cb e8 fb a2 ae ff 48 8b 45 10 4c 8b 05 30 b8
  0x00007ffbd1d0a74e:   68 00 48 8b 4d 28 48 8b 90 08 03 00 00 8b 52 28
  0x00007ffbd1d0a75e:   e8 ed da ff ff 48 8b 0d 16 b8 68 00 48 8b 45 10
  0x00007ffbd1d0a76e:   4c 8b a0 08 03 00 00 f6 46 30 10 0f 85 d1 00 00
  0x00007ffbd1d0a77e:   00 48 3b f9 74 13 48 8b d7 48 8b cd e8 e1 d9 ff
  0x00007ffbd1d0a78e:   ff 4c 8b e0 e9 94 00 00 00 8b 46 2c 24 3f 3c 20
  0x00007ffbd1d0a79e:   0f 85 87 00 00 00 4c 89 74 24 48 45 33 c0 33 d2
  0x00007ffbd1d0a7ae:   4c 89 7c 24 50 48 8b ce e8 65 be 90 ff 44 8b 76
  0x00007ffbd1d0a7be:   20 41 8b c6 45 32 ff 33 db 85 c0 74 51 0f 1f 44
  0x00007ffbd1d0a7ce:   00 00 48 8b 4e 10 48 8b 3c d9 8b 4f 2c 83 e1 0f
  0x00007ffbd1d0a7de:   80 f9 0c 75 33 48 8b d7 48 8b cd e8 32 ca ff ff


Stack slot to memory mapping:

stack at sp + 0 slots: 0x000001eec67c7438 points into unknown readable memory: 0x00007ffbd1fda6e0 | e0 a6 fd d1 fb 7f 00 00
stack at sp + 1 slots: 0x00000088519fcd20 is pointing into the stack for thread: 0x000001eec600da10
stack at sp + 2 slots: 0x000001eec68b7860 points into unknown readable memory: 0x00007ffbd20675e8 | e8 75 06 d2 fb 7f 00 00
stack at sp + 3 slots: 0x000001eec6055738 points into unknown readable memory: 0x00007ffbd2141c10 | 10 1c 14 d2 fb 7f 00 00
stack at sp + 4 slots: 0x000001eec66b3e48 points into unknown readable memory: 0x00007ffbd20676b0 | b0 76 06 d2 fb 7f 00 00
stack at sp + 5 slots: 0x0000000000000018 is an unknown value
stack at sp + 6 slots: 0x00000088519fc110 is pointing into the stack for thread: 0x000001eec600da10
stack at sp + 7 slots: 0x00007ffbd1d0a0aa jvm.dll

Lock stack of current Java thread (top to bottom):


---------------  P R O C E S S  ---------------

Threads class SMR info:
_java_thread_list=0x000001eec69f2200, length=15, elements={
0x000001eea33df310, 0x000001eebf33bc90, 0x000001eebf33eb70, 0x000001eebf3412b0,
0x000001eebf326920, 0x000001eebf3274e0, 0x000001eebf328d40, 0x000001eebf3329b0,
0x000001eec600da10, 0x000001eec6012630, 0x000001eec60c3780, 0x000001eec6230d30,
0x000001eec626aa00, 0x000001eec63f8fb0, 0x000001eec6a2a580
}

Java Threads: ( => current thread )
  0x000001eea33df310 JavaThread "main"                              [_thread_blocked, id=11272, stack(0x0000008850a00000,0x0000008850b00000) (1024K)]
  0x000001eebf33bc90 JavaThread "Common-Cleaner"             daemon [_thread_blocked, id=724, stack(0x0000008851200000,0x0000008851300000) (1024K)]
  0x000001eebf33eb70 JavaThread "Reference Handler"          daemon [_thread_blocked, id=13868, stack(0x0000008851300000,0x0000008851400000) (1024K)]
  0x000001eebf3412b0 JavaThread "Finalizer"                  daemon [_thread_blocked, id=4620, stack(0x0000008851400000,0x0000008851500000) (1024K)]
  0x000001eebf326920 JavaThread "Signal Dispatcher"          daemon [_thread_blocked, id=9116, stack(0x0000008851500000,0x0000008851600000) (1024K)]
  0x000001eebf3274e0 JavaThread "Attach Listener"            daemon [_thread_blocked, id=15408, stack(0x0000008851600000,0x0000008851700000) (1024K)]
  0x000001eebf328d40 JavaThread "Service Thread"             daemon [_thread_blocked, id=11284, stack(0x0000008851700000,0x0000008851800000) (1024K)]
  0x000001eebf3329b0 JavaThread "Monitor Deflation Thread"   daemon [_thread_blocked, id=1712, stack(0x0000008851800000,0x0000008851900000) (1024K)]
=>0x000001eec600da10 JavaThread "C2 CompilerThread0"         daemon [_thread_in_native, id=14208, stack(0x0000008851900000,0x0000008851a00000) (1024K)]
  0x000001eec6012630 JavaThread "C1 CompilerThread0"         daemon [_thread_blocked, id=16960, stack(0x0000008851a00000,0x0000008851b00000) (1024K)]
  0x000001eec60c3780 JavaThread "Notification Thread"        daemon [_thread_blocked, id=17168, stack(0x0000008851b00000,0x0000008851c00000) (1024K)]
  0x000001eec6230d30 JavaThread "C2 CompilerThread1"         daemon [_thread_blocked, id=464, stack(0x0000008851c00000,0x0000008851d00000) (1024K)]
  0x000001eec626aa00 JavaThread "HttpClient-1-SelectorManager" daemon [_thread_in_native, id=16216, stack(0x0000008851d00000,0x0000008851e00000) (1024K)]
  0x000001eec63f8fb0 JavaThread "HttpClient-1-Worker-0"      daemon [_thread_blocked, id=5988, stack(0x0000008851f00000,0x0000008852000000) (1024K)]
  0x000001eec6a2a580 JavaThread "HttpClient-1-Worker-1"      daemon [_thread_blocked, id=17572, stack(0x0000008852000000,0x0000008852100000) (1024K)]
Total: 15

Other Threads:
  0x000001eebf316c10 VMThread "VM Thread"                           [id=15792, stack(0x0000008851100000,0x0000008851200000) (1024K)]
  0x000001eebf300d00 WatcherThread "VM Periodic Task Thread"        [id=14936, stack(0x0000008851000000,0x0000008851100000) (1024K)]
  0x000001eea570cd60 WorkerThread "GC Thread#0"                     [id=15528, stack(0x0000008850b00000,0x0000008850c00000) (1024K)]
  0x000001eea570ddf0 ConcurrentGCThread "G1 Main Marker"            [id=16328, stack(0x0000008850c00000,0x0000008850d00000) (1024K)]
  0x000001eebf168f90 WorkerThread "G1 Conc#0"                       [id=10552, stack(0x0000008850d00000,0x0000008850e00000) (1024K)]
  0x000001eebf1c8530 ConcurrentGCThread "G1 Refine#0"               [id=10276, stack(0x0000008850e00000,0x0000008850f00000) (1024K)]
  0x000001eebf1c8f40 ConcurrentGCThread "G1 Service"                [id=14796, stack(0x0000008850f00000,0x0000008851000000) (1024K)]
Total: 7

Threads with active compile tasks:
C2 CompilerThread0  934  973       4       sun.security.ec.ECOperations::setDouble (463 bytes)
Total: 1

VM state: not at safepoint (normal execution)

VM Mutex/Monitor currently owned by a thread: None

Heap address: 0x0000000701000000, size: 4080 MB, Compressed Oops mode: Zero based, Oop shift amount: 3

CDS archive(s) mapped at: [0x000000000c000000-0x000000000dcd0000-0x000000000dcd0000), size 30212096, SharedBaseAddress: 0x000000000c000000, ArchiveRelocationMode: 1.
Compressed class space mapped at: 0x000000000e000000-0x000000004e000000, reserved size: 1073741824
UseCompressedClassPointers 1, UseCompactObjectHeaders 0
Narrow klass pointer bits 32, Max shift 3
Narrow klass base: 0x000000000c000000, Narrow klass shift: 0
Encoding Range: [0x000000000c000000 - 0x000000010c000000), (4294967296 bytes)
Klass Range:    [0x000000000c010000 - 0x000000004e000000), (1107230720 bytes)
Klass ID Range:  [65536 - 1107296249) (1107230713)
Protection zone: [0x000000000c000000 - 0x000000000c010000), (65536 bytes)

GC Precious Log:
 CardTable entry size: 512
 Card Set container configuration: InlinePtr #cards 4 size 8 Array Of Cards #cards 16 size 48 Howl #buckets 8 coarsen threshold 3686 Howl Bitmap #cards 512 size 80 coarsen threshold 460 Card regions per heap region 1 cards per card region 4096
 CPUs: 12 total, 12 available
 Memory: 16316M
 Large Page Support: Disabled
 NUMA Support: Disabled
 Compressed Oops: Enabled (Zero based)
 Heap Region Size: 2M
 Heap Min Capacity: 8M
 Heap Initial Capacity: 256M
 Heap Max Capacity: 4080M
 Pre-touch: Disabled
 Parallel Workers: 10
 Concurrent Workers: 3
 Concurrent Refinement Workers: 10
 Periodic GC: Disabled

Heap:
 garbage-first heap   total reserved 4177920K, committed 266240K, used 16644K [0x0000000701000000, 0x0000000800000000)
  region size 2048K, 8 young (16384K), 0 survivors (0K)

Heap Regions: E=young(eden), S=young(survivor), O=old, HS=humongous(starts), HC=humongous(continues), CS=collection set, F=free, TAMS=top-at-mark-start, PB=parsable bottom
|   0|0x0000000701000000, 0x0000000701000000, 0x0000000701200000|  0%| F|  |TAMS 0x0000000701000000| PB 0x0000000701000000| Untracked |  0
|   1|0x0000000701200000, 0x0000000701200000, 0x0000000701400000|  0%| F|  |TAMS 0x0000000701200000| PB 0x0000000701200000| Untracked |  0
|   2|0x0000000701400000, 0x0000000701400000, 0x0000000701600000|  0%| F|  |TAMS 0x0000000701400000| PB 0x0000000701400000| Untracked |  0
|   3|0x0000000701600000, 0x0000000701600000, 0x0000000701800000|  0%| F|  |TAMS 0x0000000701600000| PB 0x0000000701600000| Untracked |  0
|   4|0x0000000701800000, 0x0000000701800000, 0x0000000701a00000|  0%| F|  |TAMS 0x0000000701800000| PB 0x0000000701800000| Untracked |  0
|   5|0x0000000701a00000, 0x0000000701a00000, 0x0000000701c00000|  0%| F|  |TAMS 0x0000000701a00000| PB 0x0000000701a00000| Untracked |  0
|   6|0x0000000701c00000, 0x0000000701c00000, 0x0000000701e00000|  0%| F|  |TAMS 0x0000000701c00000| PB 0x0000000701c00000| Untracked |  0
|   7|0x0000000701e00000, 0x0000000701e00000, 0x0000000702000000|  0%| F|  |TAMS 0x0000000701e00000| PB 0x0000000701e00000| Untracked |  0
|   8|0x0000000702000000, 0x0000000702000000, 0x0000000702200000|  0%| F|  |TAMS 0x0000000702000000| PB 0x0000000702000000| Untracked |  0
|   9|0x0000000702200000, 0x0000000702200000, 0x0000000702400000|  0%| F|  |TAMS 0x0000000702200000| PB 0x0000000702200000| Untracked |  0
|  10|0x0000000702400000, 0x0000000702400000, 0x0000000702600000|  0%| F|  |TAMS 0x0000000702400000| PB 0x0000000702400000| Untracked |  0
|  11|0x0000000702600000, 0x0000000702600000, 0x0000000702800000|  0%| F|  |TAMS 0x0000000702600000| PB 0x0000000702600000| Untracked |  0
|  12|0x0000000702800000, 0x0000000702800000, 0x0000000702a00000|  0%| F|  |TAMS 0x0000000702800000| PB 0x0000000702800000| Untracked |  0
|  13|0x0000000702a00000, 0x0000000702a00000, 0x0000000702c00000|  0%| F|  |TAMS 0x0000000702a00000| PB 0x0000000702a00000| Untracked |  0
|  14|0x0000000702c00000, 0x0000000702c00000, 0x0000000702e00000|  0%| F|  |TAMS 0x0000000702c00000| PB 0x0000000702c00000| Untracked |  0
|  15|0x0000000702e00000, 0x0000000702e00000, 0x0000000703000000|  0%| F|  |TAMS 0x0000000702e00000| PB 0x0000000702e00000| Untracked |  0
|  16|0x0000000703000000, 0x0000000703000000, 0x0000000703200000|  0%| F|  |TAMS 0x0000000703000000| PB 0x0000000703000000| Untracked |  0
|  17|0x0000000703200000, 0x0000000703200000, 0x0000000703400000|  0%| F|  |TAMS 0x0000000703200000| PB 0x0000000703200000| Untracked |  0
|  18|0x0000000703400000, 0x0000000703400000, 0x0000000703600000|  0%| F|  |TAMS 0x0000000703400000| PB 0x0000000703400000| Untracked |  0
|  19|0x0000000703600000, 0x0000000703600000, 0x0000000703800000|  0%| F|  |TAMS 0x0000000703600000| PB 0x0000000703600000| Untracked |  0
|  20|0x0000000703800000, 0x0000000703800000, 0x0000000703a00000|  0%| F|  |TAMS 0x0000000703800000| PB 0x0000000703800000| Untracked |  0
|  21|0x0000000703a00000, 0x0000000703a00000, 0x0000000703c00000|  0%| F|  |TAMS 0x0000000703a00000| PB 0x0000000703a00000| Untracked |  0
|  22|0x0000000703c00000, 0x0000000703c00000, 0x0000000703e00000|  0%| F|  |TAMS 0x0000000703c00000| PB 0x0000000703c00000| Untracked |  0
|  23|0x0000000703e00000, 0x0000000703e00000, 0x0000000704000000|  0%| F|  |TAMS 0x0000000703e00000| PB 0x0000000703e00000| Untracked |  0
|  24|0x0000000704000000, 0x0000000704000000, 0x0000000704200000|  0%| F|  |TAMS 0x0000000704000000| PB 0x0000000704000000| Untracked |  0
|  25|0x0000000704200000, 0x0000000704200000, 0x0000000704400000|  0%| F|  |TAMS 0x0000000704200000| PB 0x0000000704200000| Untracked |  0
|  26|0x0000000704400000, 0x0000000704400000, 0x0000000704600000|  0%| F|  |TAMS 0x0000000704400000| PB 0x0000000704400000| Untracked |  0
|  27|0x0000000704600000, 0x0000000704600000, 0x0000000704800000|  0%| F|  |TAMS 0x0000000704600000| PB 0x0000000704600000| Untracked |  0
|  28|0x0000000704800000, 0x0000000704800000, 0x0000000704a00000|  0%| F|  |TAMS 0x0000000704800000| PB 0x0000000704800000| Untracked |  0
|  29|0x0000000704a00000, 0x0000000704a00000, 0x0000000704c00000|  0%| F|  |TAMS 0x0000000704a00000| PB 0x0000000704a00000| Untracked |  0
|  30|0x0000000704c00000, 0x0000000704c00000, 0x0000000704e00000|  0%| F|  |TAMS 0x0000000704c00000| PB 0x0000000704c00000| Untracked |  0
|  31|0x0000000704e00000, 0x0000000704e00000, 0x0000000705000000|  0%| F|  |TAMS 0x0000000704e00000| PB 0x0000000704e00000| Untracked |  0
|  32|0x0000000705000000, 0x0000000705000000, 0x0000000705200000|  0%| F|  |TAMS 0x0000000705000000| PB 0x0000000705000000| Untracked |  0
|  33|0x0000000705200000, 0x0000000705200000, 0x0000000705400000|  0%| F|  |TAMS 0x0000000705200000| PB 0x0000000705200000| Untracked |  0
|  34|0x0000000705400000, 0x0000000705400000, 0x0000000705600000|  0%| F|  |TAMS 0x0000000705400000| PB 0x0000000705400000| Untracked |  0
|  35|0x0000000705600000, 0x0000000705600000, 0x0000000705800000|  0%| F|  |TAMS 0x0000000705600000| PB 0x0000000705600000| Untracked |  0
|  36|0x0000000705800000, 0x0000000705800000, 0x0000000705a00000|  0%| F|  |TAMS 0x0000000705800000| PB 0x0000000705800000| Untracked |  0
|  37|0x0000000705a00000, 0x0000000705a00000, 0x0000000705c00000|  0%| F|  |TAMS 0x0000000705a00000| PB 0x0000000705a00000| Untracked |  0
|  38|0x0000000705c00000, 0x0000000705c00000, 0x0000000705e00000|  0%| F|  |TAMS 0x0000000705c00000| PB 0x0000000705c00000| Untracked |  0
|  39|0x0000000705e00000, 0x0000000705e00000, 0x0000000706000000|  0%| F|  |TAMS 0x0000000705e00000| PB 0x0000000705e00000| Untracked |  0
|  40|0x0000000706000000, 0x0000000706000000, 0x0000000706200000|  0%| F|  |TAMS 0x0000000706000000| PB 0x0000000706000000| Untracked |  0
|  41|0x0000000706200000, 0x0000000706200000, 0x0000000706400000|  0%| F|  |TAMS 0x0000000706200000| PB 0x0000000706200000| Untracked |  0
|  42|0x0000000706400000, 0x0000000706400000, 0x0000000706600000|  0%| F|  |TAMS 0x0000000706400000| PB 0x0000000706400000| Untracked |  0
|  43|0x0000000706600000, 0x0000000706600000, 0x0000000706800000|  0%| F|  |TAMS 0x0000000706600000| PB 0x0000000706600000| Untracked |  0
|  44|0x0000000706800000, 0x0000000706800000, 0x0000000706a00000|  0%| F|  |TAMS 0x0000000706800000| PB 0x0000000706800000| Untracked |  0
|  45|0x0000000706a00000, 0x0000000706a00000, 0x0000000706c00000|  0%| F|  |TAMS 0x0000000706a00000| PB 0x0000000706a00000| Untracked |  0
|  46|0x0000000706c00000, 0x0000000706c00000, 0x0000000706e00000|  0%| F|  |TAMS 0x0000000706c00000| PB 0x0000000706c00000| Untracked |  0
|  47|0x0000000706e00000, 0x0000000706e00000, 0x0000000707000000|  0%| F|  |TAMS 0x0000000706e00000| PB 0x0000000706e00000| Untracked |  0
|  48|0x0000000707000000, 0x0000000707000000, 0x0000000707200000|  0%| F|  |TAMS 0x0000000707000000| PB 0x0000000707000000| Untracked |  0
|  49|0x0000000707200000, 0x0000000707200000, 0x0000000707400000|  0%| F|  |TAMS 0x0000000707200000| PB 0x0000000707200000| Untracked |  0
|  50|0x0000000707400000, 0x0000000707400000, 0x0000000707600000|  0%| F|  |TAMS 0x0000000707400000| PB 0x0000000707400000| Untracked |  0
|  51|0x0000000707600000, 0x0000000707600000, 0x0000000707800000|  0%| F|  |TAMS 0x0000000707600000| PB 0x0000000707600000| Untracked |  0
|  52|0x0000000707800000, 0x0000000707800000, 0x0000000707a00000|  0%| F|  |TAMS 0x0000000707800000| PB 0x0000000707800000| Untracked |  0
|  53|0x0000000707a00000, 0x0000000707a00000, 0x0000000707c00000|  0%| F|  |TAMS 0x0000000707a00000| PB 0x0000000707a00000| Untracked |  0
|  54|0x0000000707c00000, 0x0000000707c00000, 0x0000000707e00000|  0%| F|  |TAMS 0x0000000707c00000| PB 0x0000000707c00000| Untracked |  0
|  55|0x0000000707e00000, 0x0000000707e00000, 0x0000000708000000|  0%| F|  |TAMS 0x0000000707e00000| PB 0x0000000707e00000| Untracked |  0
|  56|0x0000000708000000, 0x0000000708000000, 0x0000000708200000|  0%| F|  |TAMS 0x0000000708000000| PB 0x0000000708000000| Untracked |  0
|  57|0x0000000708200000, 0x0000000708200000, 0x0000000708400000|  0%| F|  |TAMS 0x0000000708200000| PB 0x0000000708200000| Untracked |  0
|  58|0x0000000708400000, 0x0000000708400000, 0x0000000708600000|  0%| F|  |TAMS 0x0000000708400000| PB 0x0000000708400000| Untracked |  0
|  59|0x0000000708600000, 0x0000000708600000, 0x0000000708800000|  0%| F|  |TAMS 0x0000000708600000| PB 0x0000000708600000| Untracked |  0
|  60|0x0000000708800000, 0x0000000708800000, 0x0000000708a00000|  0%| F|  |TAMS 0x0000000708800000| PB 0x0000000708800000| Untracked |  0
|  61|0x0000000708a00000, 0x0000000708a00000, 0x0000000708c00000|  0%| F|  |TAMS 0x0000000708a00000| PB 0x0000000708a00000| Untracked |  0
|  62|0x0000000708c00000, 0x0000000708c00000, 0x0000000708e00000|  0%| F|  |TAMS 0x0000000708c00000| PB 0x0000000708c00000| Untracked |  0
|  63|0x0000000708e00000, 0x0000000708e00000, 0x0000000709000000|  0%| F|  |TAMS 0x0000000708e00000| PB 0x0000000708e00000| Untracked |  0
|  64|0x0000000709000000, 0x0000000709000000, 0x0000000709200000|  0%| F|  |TAMS 0x0000000709000000| PB 0x0000000709000000| Untracked |  0
|  65|0x0000000709200000, 0x0000000709200000, 0x0000000709400000|  0%| F|  |TAMS 0x0000000709200000| PB 0x0000000709200000| Untracked |  0
|  66|0x0000000709400000, 0x0000000709400000, 0x0000000709600000|  0%| F|  |TAMS 0x0000000709400000| PB 0x0000000709400000| Untracked |  0
|  67|0x0000000709600000, 0x0000000709600000, 0x0000000709800000|  0%| F|  |TAMS 0x0000000709600000| PB 0x0000000709600000| Untracked |  0
|  68|0x0000000709800000, 0x0000000709800000, 0x0000000709a00000|  0%| F|  |TAMS 0x0000000709800000| PB 0x0000000709800000| Untracked |  0
|  69|0x0000000709a00000, 0x0000000709a00000, 0x0000000709c00000|  0%| F|  |TAMS 0x0000000709a00000| PB 0x0000000709a00000| Untracked |  0
|  70|0x0000000709c00000, 0x0000000709c00000, 0x0000000709e00000|  0%| F|  |TAMS 0x0000000709c00000| PB 0x0000000709c00000| Untracked |  0
|  71|0x0000000709e00000, 0x0000000709e00000, 0x000000070a000000|  0%| F|  |TAMS 0x0000000709e00000| PB 0x0000000709e00000| Untracked |  0
|  72|0x000000070a000000, 0x000000070a000000, 0x000000070a200000|  0%| F|  |TAMS 0x000000070a000000| PB 0x000000070a000000| Untracked |  0
|  73|0x000000070a200000, 0x000000070a200000, 0x000000070a400000|  0%| F|  |TAMS 0x000000070a200000| PB 0x000000070a200000| Untracked |  0
|  74|0x000000070a400000, 0x000000070a400000, 0x000000070a600000|  0%| F|  |TAMS 0x000000070a400000| PB 0x000000070a400000| Untracked |  0
|  75|0x000000070a600000, 0x000000070a600000, 0x000000070a800000|  0%| F|  |TAMS 0x000000070a600000| PB 0x000000070a600000| Untracked |  0
|  76|0x000000070a800000, 0x000000070a800000, 0x000000070aa00000|  0%| F|  |TAMS 0x000000070a800000| PB 0x000000070a800000| Untracked |  0
|  77|0x000000070aa00000, 0x000000070aa00000, 0x000000070ac00000|  0%| F|  |TAMS 0x000000070aa00000| PB 0x000000070aa00000| Untracked |  0
|  78|0x000000070ac00000, 0x000000070ac00000, 0x000000070ae00000|  0%| F|  |TAMS 0x000000070ac00000| PB 0x000000070ac00000| Untracked |  0
|  79|0x000000070ae00000, 0x000000070ae00000, 0x000000070b000000|  0%| F|  |TAMS 0x000000070ae00000| PB 0x000000070ae00000| Untracked |  0
|  80|0x000000070b000000, 0x000000070b000000, 0x000000070b200000|  0%| F|  |TAMS 0x000000070b000000| PB 0x000000070b000000| Untracked |  0
|  81|0x000000070b200000, 0x000000070b200000, 0x000000070b400000|  0%| F|  |TAMS 0x000000070b200000| PB 0x000000070b200000| Untracked |  0
|  82|0x000000070b400000, 0x000000070b400000, 0x000000070b600000|  0%| F|  |TAMS 0x000000070b400000| PB 0x000000070b400000| Untracked |  0
|  83|0x000000070b600000, 0x000000070b600000, 0x000000070b800000|  0%| F|  |TAMS 0x000000070b600000| PB 0x000000070b600000| Untracked |  0
|  84|0x000000070b800000, 0x000000070b800000, 0x000000070ba00000|  0%| F|  |TAMS 0x000000070b800000| PB 0x000000070b800000| Untracked |  0
|  85|0x000000070ba00000, 0x000000070ba00000, 0x000000070bc00000|  0%| F|  |TAMS 0x000000070ba00000| PB 0x000000070ba00000| Untracked |  0
|  86|0x000000070bc00000, 0x000000070bc00000, 0x000000070be00000|  0%| F|  |TAMS 0x000000070bc00000| PB 0x000000070bc00000| Untracked |  0
|  87|0x000000070be00000, 0x000000070be00000, 0x000000070c000000|  0%| F|  |TAMS 0x000000070be00000| PB 0x000000070be00000| Untracked |  0
|  88|0x000000070c000000, 0x000000070c000000, 0x000000070c200000|  0%| F|  |TAMS 0x000000070c000000| PB 0x000000070c000000| Untracked |  0
|  89|0x000000070c200000, 0x000000070c200000, 0x000000070c400000|  0%| F|  |TAMS 0x000000070c200000| PB 0x000000070c200000| Untracked |  0
|  90|0x000000070c400000, 0x000000070c400000, 0x000000070c600000|  0%| F|  |TAMS 0x000000070c400000| PB 0x000000070c400000| Untracked |  0
|  91|0x000000070c600000, 0x000000070c600000, 0x000000070c800000|  0%| F|  |TAMS 0x000000070c600000| PB 0x000000070c600000| Untracked |  0
|  92|0x000000070c800000, 0x000000070c800000, 0x000000070ca00000|  0%| F|  |TAMS 0x000000070c800000| PB 0x000000070c800000| Untracked |  0
|  93|0x000000070ca00000, 0x000000070ca00000, 0x000000070cc00000|  0%| F|  |TAMS 0x000000070ca00000| PB 0x000000070ca00000| Untracked |  0
|  94|0x000000070cc00000, 0x000000070cc00000, 0x000000070ce00000|  0%| F|  |TAMS 0x000000070cc00000| PB 0x000000070cc00000| Untracked |  0
|  95|0x000000070ce00000, 0x000000070ce00000, 0x000000070d000000|  0%| F|  |TAMS 0x000000070ce00000| PB 0x000000070ce00000| Untracked |  0
|  96|0x000000070d000000, 0x000000070d000000, 0x000000070d200000|  0%| F|  |TAMS 0x000000070d000000| PB 0x000000070d000000| Untracked |  0
|  97|0x000000070d200000, 0x000000070d200000, 0x000000070d400000|  0%| F|  |TAMS 0x000000070d200000| PB 0x000000070d200000| Untracked |  0
|  98|0x000000070d400000, 0x000000070d400000, 0x000000070d600000|  0%| F|  |TAMS 0x000000070d400000| PB 0x000000070d400000| Untracked |  0
|  99|0x000000070d600000, 0x000000070d600000, 0x000000070d800000|  0%| F|  |TAMS 0x000000070d600000| PB 0x000000070d600000| Untracked |  0
| 100|0x000000070d800000, 0x000000070d800000, 0x000000070da00000|  0%| F|  |TAMS 0x000000070d800000| PB 0x000000070d800000| Untracked |  0
| 101|0x000000070da00000, 0x000000070da00000, 0x000000070dc00000|  0%| F|  |TAMS 0x000000070da00000| PB 0x000000070da00000| Untracked |  0
| 102|0x000000070dc00000, 0x000000070dc00000, 0x000000070de00000|  0%| F|  |TAMS 0x000000070dc00000| PB 0x000000070dc00000| Untracked |  0
| 103|0x000000070de00000, 0x000000070de00000, 0x000000070e000000|  0%| F|  |TAMS 0x000000070de00000| PB 0x000000070de00000| Untracked |  0
| 104|0x000000070e000000, 0x000000070e000000, 0x000000070e200000|  0%| F|  |TAMS 0x000000070e000000| PB 0x000000070e000000| Untracked |  0
| 105|0x000000070e200000, 0x000000070e200000, 0x000000070e400000|  0%| F|  |TAMS 0x000000070e200000| PB 0x000000070e200000| Untracked |  0
| 106|0x000000070e400000, 0x000000070e400000, 0x000000070e600000|  0%| F|  |TAMS 0x000000070e400000| PB 0x000000070e400000| Untracked |  0
| 107|0x000000070e600000, 0x000000070e600000, 0x000000070e800000|  0%| F|  |TAMS 0x000000070e600000| PB 0x000000070e600000| Untracked |  0
| 108|0x000000070e800000, 0x000000070e800000, 0x000000070ea00000|  0%| F|  |TAMS 0x000000070e800000| PB 0x000000070e800000| Untracked |  0
| 109|0x000000070ea00000, 0x000000070ea00000, 0x000000070ec00000|  0%| F|  |TAMS 0x000000070ea00000| PB 0x000000070ea00000| Untracked |  0
| 110|0x000000070ec00000, 0x000000070ec00000, 0x000000070ee00000|  0%| F|  |TAMS 0x000000070ec00000| PB 0x000000070ec00000| Untracked |  0
| 111|0x000000070ee00000, 0x000000070ee00000, 0x000000070f000000|  0%| F|  |TAMS 0x000000070ee00000| PB 0x000000070ee00000| Untracked |  0
| 112|0x000000070f000000, 0x000000070f000000, 0x000000070f200000|  0%| F|  |TAMS 0x000000070f000000| PB 0x000000070f000000| Untracked |  0
| 113|0x000000070f200000, 0x000000070f200000, 0x000000070f400000|  0%| F|  |TAMS 0x000000070f200000| PB 0x000000070f200000| Untracked |  0
| 114|0x000000070f400000, 0x000000070f400000, 0x000000070f600000|  0%| F|  |TAMS 0x000000070f400000| PB 0x000000070f400000| Untracked |  0
| 115|0x000000070f600000, 0x000000070f600000, 0x000000070f800000|  0%| F|  |TAMS 0x000000070f600000| PB 0x000000070f600000| Untracked |  0
| 116|0x000000070f800000, 0x000000070f800000, 0x000000070fa00000|  0%| F|  |TAMS 0x000000070f800000| PB 0x000000070f800000| Untracked |  0
| 117|0x000000070fa00000, 0x000000070fa00000, 0x000000070fc00000|  0%| F|  |TAMS 0x000000070fa00000| PB 0x000000070fa00000| Untracked |  0
| 118|0x000000070fc00000, 0x000000070fc00000, 0x000000070fe00000|  0%| F|  |TAMS 0x000000070fc00000| PB 0x000000070fc00000| Untracked |  0
| 119|0x000000070fe00000, 0x000000070fe00000, 0x0000000710000000|  0%| F|  |TAMS 0x000000070fe00000| PB 0x000000070fe00000| Untracked |  0
| 120|0x0000000710000000, 0x00000007101f0870, 0x0000000710200000| 96%| E|  |TAMS 0x0000000710000000| PB 0x0000000710000000| Complete |  0
| 121|0x0000000710200000, 0x0000000710400000, 0x0000000710400000|100%| E|CS|TAMS 0x0000000710200000| PB 0x0000000710200000| Complete |  0
| 122|0x0000000710400000, 0x0000000710600000, 0x0000000710600000|100%| E|CS|TAMS 0x0000000710400000| PB 0x0000000710400000| Complete |  0
| 123|0x0000000710600000, 0x0000000710800000, 0x0000000710800000|100%| E|CS|TAMS 0x0000000710600000| PB 0x0000000710600000| Complete |  0
| 124|0x0000000710800000, 0x0000000710a00000, 0x0000000710a00000|100%| E|CS|TAMS 0x0000000710800000| PB 0x0000000710800000| Complete |  0
| 125|0x0000000710a00000, 0x0000000710c00000, 0x0000000710c00000|100%| E|CS|TAMS 0x0000000710a00000| PB 0x0000000710a00000| Complete |  0
| 126|0x0000000710c00000, 0x0000000710e00000, 0x0000000710e00000|100%| E|CS|TAMS 0x0000000710c00000| PB 0x0000000710c00000| Complete |  0
| 127|0x0000000710e00000, 0x0000000711000000, 0x0000000711000000|100%| E|CS|TAMS 0x0000000710e00000| PB 0x0000000710e00000| Complete |  0
|2038|0x00000007ffc00000, 0x00000007ffe00000, 0x00000007ffe00000|100%| O|  |TAMS 0x00000007ffc00000| PB 0x00000007ffc00000| Untracked |  0
|2039|0x00000007ffe00000, 0x00000007ffe41038, 0x0000000800000000| 12%| O|  |TAMS 0x00000007ffe00000| PB 0x00000007ffe00000| Untracked |  0

Card table byte_map: [0x000001eeba990000,0x000001eebb190000] _byte_map_base: 0x000001eeb7188000

Marking Bits: (CMBitMap*) 0x000001eea570d4f0
 Bits: [0x000001eebb190000, 0x000001eebf150000)

Polling page: 0x000001eea5020000

Metaspace:
Metaspace        used 3460K, committed 3712K, reserved 1114112K
 class space     used 420K, committed 512K, reserved 1048576K

Usage:
  Non-class:      2.97 MB used.
      Class:    420.15 KB used.
       Both:      3.38 MB used.

Virtual space:
  Non-class space:       64.00 MB reserved,       3.12 MB (  5%) committed,  1 nodes.
      Class space:        1.00 GB reserved,     512.00 KB ( <1%) committed,  1 nodes.
             Both:        1.06 GB reserved,       3.62 MB ( <1%) committed. 

Chunk freelists:
   Non-Class:  10.43 MB
       Class:  15.45 MB
        Both:  25.88 MB

MaxMetaspaceSize: unlimited
CompressedClassSpaceSize: 1.00 GB
Initial GC threshold: 21.00 MB
Current GC threshold: 21.00 MB
CDS: on
 - commit_granule_bytes: 65536.
 - commit_granule_words: 8192.
 - virtual_space_node_default_size: 8388608.
 - enlarge_chunks_in_place: 1.
UseCompressedClassPointers 1, UseCompactObjectHeaders 0
Narrow klass pointer bits 32, Max shift 3
Narrow klass base: 0x000000000c000000, Narrow klass shift: 0
Encoding Range: [0x000000000c000000 - 0x000000010c000000), (4294967296 bytes)
Klass Range:    [0x000000000c010000 - 0x000000004e000000), (1107230720 bytes)
Klass ID Range:  [65536 - 1107296249) (1107230713)
Protection zone: [0x000000000c000000 - 0x000000000c010000), (65536 bytes)


Internal statistics:

num_allocs_failed_limit: 0.
num_arena_births: 106.
num_arena_deaths: 0.
num_vsnodes_births: 2.
num_vsnodes_deaths: 0.
num_space_committed: 58.
num_space_uncommitted: 0.
num_chunks_returned_to_freelist: 0.
num_chunks_taken_from_freelist: 226.
num_chunk_merges: 0.
num_chunk_splits: 139.
num_chunks_enlarged: 84.
num_inconsistent_stats: 0.

CodeHeap 'non-profiled nmethods': size=120064Kb used=339Kb max_used=339Kb free=119724Kb
 bounds [0x000001eeb1fd0000, 0x000001eeb2240000, 0x000001eeb9510000]
CodeHeap 'profiled nmethods': size=120000Kb used=1516Kb max_used=1516Kb free=118483Kb
 bounds [0x000001eeaa510000, 0x000001eeaa780000, 0x000001eeb1a40000]
CodeHeap 'non-nmethods': size=5696Kb used=1411Kb max_used=1424Kb free=4284Kb
 bounds [0x000001eeb1a40000, 0x000001eeb1cb0000, 0x000001eeb1fd0000]
CodeCache: size=245760Kb, used=3266Kb, max_used=3279Kb, free=242491Kb
 total_blobs=1706, nmethods=1172, adapters=438, full_count=0
Compilation: enabled, stopped_count=0, restarted_count=0

Compilation events (20 events):
Event: 0.559 Thread 0x000001eec6012630 nmethod 1031 0x000001eeaa64d108 code [0x000001eeaa64d200, 0x000001eeaa64e6b0]
Event: 0.561 Thread 0x000001eec6012630 1032       3       jdk.internal.classfile.impl.AbstractPoolEntry$MethodRefEntryImpl::<init> (12 bytes)
Event: 0.561 Thread 0x000001eec6012630 nmethod 1032 0x000001eeaa64e708 code [0x000001eeaa64e800, 0x000001eeaa64e950]
Event: 0.561 Thread 0x000001eec6012630 1033       3       sun.security.ec.XECOperations::bitAt (23 bytes)
Event: 0.562 Thread 0x000001eec6012630 nmethod 1033 0x000001eeaa64ea08 code [0x000001eeaa64eb00, 0x000001eeaa64ec98]
Event: 0.562 Thread 0x000001eec6012630 1034       3       sun.security.util.math.intpoly.IntegerPolynomial25519::reduce (40 bytes)
Event: 0.562 Thread 0x000001eec6012630 nmethod 1034 0x000001eeaa64ed08 code [0x000001eeaa64ee00, 0x000001eeaa64f0f8]
Event: 0.562 Thread 0x000001eec6012630 1035       3       sun.security.util.math.intpoly.IntegerPolynomial25519::carryReduce (391 bytes)
Event: 0.562 Thread 0x000001eec6012630 nmethod 1035 0x000001eeaa64f108 code [0x000001eeaa64f200, 0x000001eeaa64f658]
Event: 0.562 Thread 0x000001eec6230d30 1036       4       sun.security.util.math.intpoly.IntegerPolynomial::multByInt (30 bytes)
Event: 0.566 Thread 0x000001eec6012630 1040       3       java.security.Provider::getService (153 bytes)
Event: 0.567 Thread 0x000001eec6012630 nmethod 1040 0x000001eeaa64f688 code [0x000001eeaa64f780, 0x000001eeaa650bd8]
Event: 0.567 Thread 0x000001eec6012630 1041       3       java.security.Provider$ServiceKey::matches (22 bytes)
Event: 0.567 Thread 0x000001eec6012630 nmethod 1041 0x000001eeaa650c08 code [0x000001eeaa650d00, 0x000001eeaa650e90]
Event: 0.567 Thread 0x000001eec6230d30 nmethod 1036 0x000001eeb201c108 code [0x000001eeb201c200, 0x000001eeb201c4d0]
Event: 0.567 Thread 0x000001eec6230d30 1038       4       sun.security.util.math.intpoly.IntegerPolynomial$MutableElement::setProduct (58 bytes)
Event: 0.569 Thread 0x000001eec6012630 1042       3       sun.security.provider.SHA2::implCompress0 (448 bytes)
Event: 0.569 Thread 0x000001eec6012630 nmethod 1042 0x000001eeaa650f08 code [0x000001eeaa651000, 0x000001eeaa651bf0]
Event: 0.570 Thread 0x000001eec6012630 1043       1       java.util.concurrent.locks.AbstractQueuedSynchronizer::getState (5 bytes)
Event: 0.570 Thread 0x000001eec6012630 nmethod 1043 0x000001eeb201c508 code [0x000001eeb201c600, 0x000001eeb201c6c8]

GC Heap Usage History (0 events):
No events

Metaspace Usage History (0 events):
No events

Dll operation events (2 events):
Event: 0.016 Loaded shared library C:\Program Files\JetBrains\IntelliJ IDEA 2026.1\jbr\bin\java.dll
Event: 0.067 Loaded shared library C:\Program Files\JetBrains\IntelliJ IDEA 2026.1\jbr\bin\zip.dll

Deoptimization events (20 events):
Event: 0.562 Thread 0x000001eec63f8fb0 Uncommon trap: trap_request=0xffffff5e fr.pc=0x000001eeb2016798 relative=0x0000000000000218
Event: 0.562 Thread 0x000001eec63f8fb0 Uncommon trap: reason=speculate_class_check action=maybe_recompile pc=0x000001eeb2016798 method=sun.security.util.math.intpoly.IntegerPolynomial.multByInt([JJ)V @ 26 c2
Event: 0.562 Thread 0x000001eec63f8fb0 DEOPT PACKING pc=0x000001eeb2016798 sp=0x0000008851ffe6f0
Event: 0.562 Thread 0x000001eec63f8fb0 DEOPT UNPACKING pc=0x000001eeb1b61302 sp=0x0000008851ffe600 mode 2
Event: 0.562 Thread 0x000001eec63f8fb0 Uncommon trap: trap_request=0xffffffde fr.pc=0x000001eeb20135f0 relative=0x0000000000000170
Event: 0.562 Thread 0x000001eec63f8fb0 Uncommon trap: reason=class_check action=maybe_recompile pc=0x000001eeb20135f0 method=sun.security.util.math.intpoly.IntegerPolynomial.multByInt([JJ)V @ 26 c2
Event: 0.562 Thread 0x000001eec63f8fb0 DEOPT PACKING pc=0x000001eeb20135f0 sp=0x0000008851ffe660
Event: 0.562 Thread 0x000001eec63f8fb0 DEOPT UNPACKING pc=0x000001eeb1b61302 sp=0x0000008851ffe600 mode 2
Event: 0.562 Thread 0x000001eec63f8fb0 Uncommon trap: trap_request=0xffffffde fr.pc=0x000001eeb20135f0 relative=0x0000000000000170
Event: 0.562 Thread 0x000001eec63f8fb0 Uncommon trap: reason=class_check action=maybe_recompile pc=0x000001eeb20135f0 method=sun.security.util.math.intpoly.IntegerPolynomial.multByInt([JJ)V @ 26 c2
Event: 0.562 Thread 0x000001eec63f8fb0 DEOPT PACKING pc=0x000001eeb20135f0 sp=0x0000008851ffe660
Event: 0.562 Thread 0x000001eec63f8fb0 DEOPT UNPACKING pc=0x000001eeb1b61302 sp=0x0000008851ffe600 mode 2
Event: 0.562 Thread 0x000001eec63f8fb0 Uncommon trap: trap_request=0xffffffde fr.pc=0x000001eeb20135f0 relative=0x0000000000000170
Event: 0.562 Thread 0x000001eec63f8fb0 Uncommon trap: reason=class_check action=maybe_recompile pc=0x000001eeb20135f0 method=sun.security.util.math.intpoly.IntegerPolynomial.multByInt([JJ)V @ 26 c2
Event: 0.562 Thread 0x000001eec63f8fb0 DEOPT PACKING pc=0x000001eeb20135f0 sp=0x0000008851ffe660
Event: 0.562 Thread 0x000001eec63f8fb0 DEOPT UNPACKING pc=0x000001eeb1b61302 sp=0x0000008851ffe600 mode 2
Event: 0.562 Thread 0x000001eec63f8fb0 Uncommon trap: trap_request=0xffffffde fr.pc=0x000001eeb20135f0 relative=0x0000000000000170
Event: 0.562 Thread 0x000001eec63f8fb0 Uncommon trap: reason=class_check action=maybe_recompile pc=0x000001eeb20135f0 method=sun.security.util.math.intpoly.IntegerPolynomial.multByInt([JJ)V @ 26 c2
Event: 0.562 Thread 0x000001eec63f8fb0 DEOPT PACKING pc=0x000001eeb20135f0 sp=0x0000008851ffe660
Event: 0.562 Thread 0x000001eec63f8fb0 DEOPT UNPACKING pc=0x000001eeb1b61302 sp=0x0000008851ffe600 mode 2

Classes loaded (20 events):
Event: 0.563 Loading class javax/crypto/KDF
Event: 0.564 Loading class javax/crypto/KDF done
Event: 0.564 Loading class com/sun/crypto/provider/HKDFKeyDerivation$HKDFSHA256
Event: 0.564 Loading class com/sun/crypto/provider/HKDFKeyDerivation
Event: 0.564 Loading class javax/crypto/KDFSpi
Event: 0.564 Loading class javax/crypto/KDFSpi done
Event: 0.564 Loading class com/sun/crypto/provider/HKDFKeyDerivation done
Event: 0.564 Loading class com/sun/crypto/provider/HKDFKeyDerivation$HKDFSHA256 done
Event: 0.565 Loading class com/sun/crypto/provider/HKDFKeyDerivation$SupportedHmac
Event: 0.565 Loading class com/sun/crypto/provider/HKDFKeyDerivation$SupportedHmac done
Event: 0.565 Loading class javax/crypto/KDF$Delegate
Event: 0.565 Loading class javax/crypto/KDF$Delegate done
Event: 0.565 Loading class javax/crypto/spec/HKDFParameterSpec
Event: 0.565 Loading class javax/crypto/spec/HKDFParameterSpec done
Event: 0.565 Loading class javax/crypto/spec/HKDFParameterSpec$Builder
Event: 0.565 Loading class javax/crypto/spec/HKDFParameterSpec$Builder done
Event: 0.565 Loading class javax/crypto/spec/HKDFParameterSpec$Extract
Event: 0.565 Loading class javax/crypto/spec/HKDFParameterSpec$Extract done
Event: 0.566 Loading class javax/crypto/spec/HKDFParameterSpec$Expand
Event: 0.566 Loading class javax/crypto/spec/HKDFParameterSpec$Expand done

Classes unloaded (0 events):
No events

Classes redefined (0 events):
No events

Internal exceptions (18 events):
Event: 0.154 Thread 0x000001eea33df310 Exception <a 'sun/nio/fs/WindowsException'{0x0000000710da0360}> (0x0000000710da0360) 
thrown [s\src\hotspot\share\prims\jni.cpp, line 535]
Event: 0.200 Thread 0x000001eea33df310 Exception <a 'java/lang/NoSuchMethodError'{0x0000000710a7e180}: 'java.lang.Object java.lang.invoke.DirectMethodHandle$Holder.invokeStaticInit(java.lang.Object, java.lang.Object, int, int, int, int)'> (0x0000000710a7e180) 
thrown [s\src\hotspot\share\interpreter\linkResolver.cpp, line 815]
Event: 0.222 Thread 0x000001eea33df310 Exception <a 'java/lang/NoSuchMethodError'{0x0000000710b0bb48}: 'int java.lang.invoke.DirectMethodHandle$Holder.invokeSpecialIFC(java.lang.Object, java.lang.Object, java.lang.Object)'> (0x0000000710b0bb48) 
thrown [s\src\hotspot\share\interpreter\linkResolver.cpp, line 815]
Event: 0.250 Thread 0x000001eea33df310 Exception <a 'java/lang/NoSuchMethodError'{0x0000000710808098}: 'long java.lang.invoke.DirectMethodHandle$Holder.invokeSpecial(java.lang.Object, java.lang.Object)'> (0x0000000710808098) 
thrown [s\src\hotspot\share\interpreter\linkResolver.cpp, line 815]
Event: 0.252 Thread 0x000001eea33df310 Exception <a 'java/lang/NoSuchMethodError'{0x000000071081efa8}: 'int java.lang.invoke.DirectMethodHandle$Holder.invokeStatic(java.lang.Object, java.lang.Object, java.lang.Object, java.lang.Object)'> (0x000000071081efa8) 
thrown [s\src\hotspot\share\interpreter\linkResolver.cpp, line 815]
Event: 0.316 Thread 0x000001eea33df310 Exception <a 'java/lang/NoSuchMethodError'{0x000000071096b9f8}: 'java.lang.Object java.lang.invoke.DirectMethodHandle$Holder.newInvokeSpecial(java.lang.Object, java.lang.Object, java.lang.Object, java.lang.Object, java.lang.Object)'> (0x000000071096b9f8) 
thrown [s\src\hotspot\share\interpreter\linkResolver.cpp, line 815]
Event: 0.338 Thread 0x000001eea33df310 Exception <a 'java/lang/NoSuchMethodError'{0x0000000710663488}: 'java.lang.Object java.lang.invoke.DirectMethodHandle$Holder.invokeSpecial(java.lang.Object, java.lang.Object, java.lang.Object, java.lang.Object, java.lang.Object, int)'> (0x0000000710663488) 
thrown [s\src\hotspot\share\interpreter\linkResolver.cpp, line 815]
Event: 0.339 Thread 0x000001eea33df310 Exception <a 'java/lang/NoSuchMethodError'{0x0000000710673cd0}: 'java.lang.Object java.lang.invoke.Invokers$Holder.linkToTargetMethod(java.lang.Object, java.lang.Object, int, java.lang.Object)'> (0x0000000710673cd0) 
thrown [s\src\hotspot\share\interpreter\linkResolver.cpp, line 815]
Event: 0.344 Thread 0x000001eea33df310 Exception <a 'java/lang/NoSuchMethodError'{0x0000000710695cb0}: 'void java.lang.invoke.DirectMethodHandle$Holder.invokeSpecial(java.lang.Object, java.lang.Object, java.lang.Object)'> (0x0000000710695cb0) 
thrown [s\src\hotspot\share\interpreter\linkResolver.cpp, line 815]
Event: 0.357 Thread 0x000001eec626aa00 Exception <a 'java/lang/NoSuchMethodError'{0x00000007109fbcd8}: 'int java.lang.invoke.DirectMethodHandle$Holder.invokeStatic(java.lang.Object, int, java.lang.Object)'> (0x00000007109fbcd8) 
thrown [s\src\hotspot\share\interpreter\linkResolver.cpp, line 815]
Event: 0.358 Thread 0x000001eec626aa00 Exception <a 'java/lang/NoSuchMethodError'{0x0000000710409b10}: 'void java.lang.invoke.DirectMethodHandle$Holder.invokeStatic(java.lang.Object, java.lang.Object, int)'> (0x0000000710409b10) 
thrown [s\src\hotspot\share\interpreter\linkResolver.cpp, line 815]
Event: 0.359 Thread 0x000001eec626aa00 Exception <a 'java/lang/NoSuchMethodError'{0x0000000710418e30}: 'java.lang.Object java.lang.invoke.DirectMethodHandle$Holder.newInvokeSpecial(java.lang.Object, java.lang.Object, int)'> (0x0000000710418e30) 
thrown [s\src\hotspot\share\interpreter\linkResolver.cpp, line 815]
Event: 0.362 Thread 0x000001eea33df310 Exception <a 'java/lang/NoSuchMethodError'{0x000000071075d898}: 'void java.lang.invoke.DirectMethodHandle$Holder.invokeSpecial(java.lang.Object, java.lang.Object, java.lang.Object, java.lang.Object, java.lang.Object)'> (0x000000071075d898) 
thrown [s\src\hotspot\share\interpreter\linkResolver.cpp, line 815]
Event: 0.367 Thread 0x000001eec63f8fb0 Exception <a 'java/lang/NoSuchMethodError'{0x00000007105037a8}: 'void java.lang.invoke.DirectMethodHandle$Holder.invokeInterface(java.lang.Object, java.lang.Object, java.lang.Object)'> (0x00000007105037a8) 
thrown [s\src\hotspot\share\interpreter\linkResolver.cpp, line 815]
Event: 0.393 Thread 0x000001eec63f8fb0 Exception <a 'java/lang/NoSuchMethodError'{0x000000071058fea0}: 'long java.lang.invoke.DirectMethodHandle$Holder.invokeStatic(java.lang.Object, long, long)'> (0x000000071058fea0) 
thrown [s\src\hotspot\share\interpreter\linkResolver.cpp, line 815]
Event: 0.393 Thread 0x000001eec626aa00 Exception <a 'java/lang/NoSuchMethodError'{0x0000000710456a08}: 'long java.lang.invoke.DirectMethodHandle$Holder.invokeStatic(java.lang.Object, long, long)'> (0x0000000710456a08) 
thrown [s\src\hotspot\share\interpreter\linkResolver.cpp, line 815]
Event: 0.542 Thread 0x000001eec63f8fb0 Exception <a 'java/lang/NoSuchMethodError'{0x000000071023aae0}: 'void java.lang.invoke.DirectMethodHandle$Holder.invokeInterface(java.lang.Object, java.lang.Object)'> (0x000000071023aae0) 
thrown [s\src\hotspot\share\interpreter\linkResolver.cpp, line 815]
Event: 0.553 Thread 0x000001eec63f8fb0 Exception <a 'java/lang/NoSuchMethodError'{0x000000071027e3c8}: 'java.lang.Object java.lang.invoke.Invokers$Holder.invoke_MT(java.lang.Object, java.lang.Object, java.lang.Object, java.lang.Object, java.lang.Object, java.lang.Object)'> (0x000000071027e3c8) 
thrown [s\src\hotspot\share\interpreter\linkResolver.cpp, line 815]

VM Operations (2 events):
Event: 0.192 Executing non-safepoint VM operation: HandshakeAllThreads (Deoptimize)
Event: 0.192 Executing non-safepoint VM operation: HandshakeAllThreads (Deoptimize) done

Memory protections (0 events):
No events

Nmethod flushes (0 events):
No events

Events (20 events):
Event: 0.073 Thread 0x000001eea33df310 Thread added: 0x000001eebf33bc90
Event: 0.077 Thread 0x000001eea33df310 Thread added: 0x000001eebf33eb70
Event: 0.077 Thread 0x000001eea33df310 Thread added: 0x000001eebf3412b0
Event: 0.077 Thread 0x000001eea33df310 Thread added: 0x000001eebf326920
Event: 0.078 Thread 0x000001eea33df310 Thread added: 0x000001eebf3274e0
Event: 0.078 Thread 0x000001eea33df310 Thread added: 0x000001eebf328d40
Event: 0.078 Thread 0x000001eea33df310 Thread added: 0x000001eebf3329b0
Event: 0.078 Thread 0x000001eea33df310 Thread added: 0x000001eec600da10
Event: 0.078 Thread 0x000001eea33df310 Thread added: 0x000001eec6012630
Event: 0.084 Thread 0x000001eea33df310 Thread added: 0x000001eec60c3780
Event: 0.089 Loaded shared library C:\Program Files\JetBrains\IntelliJ IDEA 2026.1\jbr\bin\net.dll
Event: 0.093 Loaded shared library C:\Program Files\JetBrains\IntelliJ IDEA 2026.1\jbr\bin\nio.dll
Event: 0.098 Loaded shared library C:\Program Files\JetBrains\IntelliJ IDEA 2026.1\jbr\bin\zip.dll
Event: 0.160 Loaded shared library C:\Program Files\JetBrains\IntelliJ IDEA 2026.1\jbr\bin\jimage.dll
Event: 0.169 Thread 0x000001eec6012630 Thread added: 0x000001eec6230d30
Event: 0.281 Loaded shared library C:\Program Files\JetBrains\IntelliJ IDEA 2026.1\jbr\bin\sunmscapi.dll
Event: 0.305 Loaded shared library C:\Program Files\JetBrains\IntelliJ IDEA 2026.1\jbr\bin\extnet.dll
Event: 0.312 Thread 0x000001eea33df310 Thread added: 0x000001eec626aa00
Event: 0.364 Thread 0x000001eec626aa00 Thread added: 0x000001eec63f8fb0
Event: 0.396 Thread 0x000001eec626aa00 Thread added: 0x000001eec6a2a580


Dynamic libraries:
0x00007ff72ce60000 - 0x00007ff72ce6a000 	C:\Program Files\JetBrains\IntelliJ IDEA 2026.1\jbr\bin\java.exe
0x00007ffc6dea0000 - 0x00007ffc6e108000 	C:\windows\SYSTEM32\ntdll.dll
0x00007ffc6d130000 - 0x00007ffc6d1f9000 	C:\windows\System32\KERNEL32.DLL
0x00007ffc6b200000 - 0x00007ffc6b5f1000 	C:\windows\System32\KERNELBASE.dll
0x00007ffc67410000 - 0x00007ffc674ae000 	C:\windows\SYSTEM32\apphelp.dll
0x00007ffc6b600000 - 0x00007ffc6b74b000 	C:\windows\System32\ucrtbase.dll
0x00007ffc40cc0000 - 0x00007ffc40cd7000 	C:\Program Files\JetBrains\IntelliJ IDEA 2026.1\jbr\bin\jli.dll
0x00007ffc6dc90000 - 0x00007ffc6de56000 	C:\windows\System32\USER32.dll
0x00007ffc6b1d0000 - 0x00007ffc6b1f7000 	C:\windows\System32\win32u.dll
0x00007ffc6d610000 - 0x00007ffc6d63b000 	C:\windows\System32\GDI32.dll
0x00007ffc6b0a0000 - 0x00007ffc6b1cb000 	C:\windows\System32\gdi32full.dll
0x00007ffc6a780000 - 0x00007ffc6a823000 	C:\windows\System32\msvcp_win.dll
0x00007ffc63330000 - 0x00007ffc6334e000 	C:\Program Files\JetBrains\IntelliJ IDEA 2026.1\jbr\bin\VCRUNTIME140.dll
0x00007ffc475e0000 - 0x00007ffc47873000 	C:\windows\WinSxS\amd64_microsoft.windows.common-controls_6595b64144ccf1df_6.0.26100.7824_none_3e0870b2e3345462\COMCTL32.dll
0x00007ffc6dbd0000 - 0x00007ffc6dc79000 	C:\windows\System32\msvcrt.dll
0x00007ffc6cfc0000 - 0x00007ffc6cff1000 	C:\windows\System32\IMM32.DLL
0x00007ffc4bc50000 - 0x00007ffc4bf55000 	C:\Windows\pcdrm\NSCCOR0364.DLL
0x00007ffc6c220000 - 0x00007ffc6c2d4000 	C:\windows\System32\ADVAPI32.dll
0x00007ffc6bdb0000 - 0x00007ffc6be56000 	C:\windows\System32\sechost.dll
0x00007ffc6d000000 - 0x00007ffc6d118000 	C:\windows\System32\RPCRT4.dll
0x00007ffc6c6c0000 - 0x00007ffc6c857000 	C:\windows\System32\ole32.dll
0x00007ffc6d200000 - 0x00007ffc6d586000 	C:\windows\System32\combase.dll
0x00007ffc6bb00000 - 0x00007ffc6bb82000 	C:\windows\System32\WINTRUST.dll
0x00007ffc6b8c0000 - 0x00007ffc6ba37000 	C:\windows\System32\CRYPT32.dll
0x00007ffc69e00000 - 0x00007ffc69e13000 	C:\windows\SYSTEM32\MSASN1.dll
0x00007ffc6dc80000 - 0x00007ffc6dc88000 	C:\windows\System32\psapi.dll
0x00007ffc69600000 - 0x00007ffc69636000 	C:\windows\SYSTEM32\ntmarta.dll
0x00007ffc4bc10000 - 0x00007ffc4bc4b000 	C:\windows\pcdrm\NBID64.dll
0x00007ffc6c400000 - 0x00007ffc6c4d7000 	C:\windows\System32\OLEAUT32.dll
0x00007ffc4bbd0000 - 0x00007ffc4bc0f000 	C:\windows\pcdrm\NFD0164.dll
0x00007ffc64d90000 - 0x00007ffc64d9b000 	C:\windows\SYSTEM32\VERSION.dll
0x00007ffc64c70000 - 0x00007ffc64c7c000 	C:\Program Files\JetBrains\IntelliJ IDEA 2026.1\jbr\bin\vcruntime140_1.dll
0x00007ffc53c90000 - 0x00007ffc53d19000 	C:\Program Files\JetBrains\IntelliJ IDEA 2026.1\jbr\bin\msvcp140.dll
0x00007ffbd1520000 - 0x00007ffbd2472000 	C:\Program Files\JetBrains\IntelliJ IDEA 2026.1\jbr\bin\server\jvm.dll
0x000001eea5470000 - 0x000001eea54e4000 	C:\windows\System32\WS2_32.dll
0x00007ffc6a5e0000 - 0x00007ffc6a63e000 	C:\windows\SYSTEM32\POWRPROF.dll
0x00007ffc5d830000 - 0x00007ffc5d865000 	C:\windows\SYSTEM32\WINMM.dll
0x00007ffc6a5c0000 - 0x00007ffc6a5d4000 	C:\windows\SYSTEM32\UMPDC.dll
0x00007ffc694e0000 - 0x00007ffc694fb000 	C:\windows\SYSTEM32\kernel.appcore.dll
0x00007ffc63b90000 - 0x00007ffc63b9a000 	C:\Program Files\JetBrains\IntelliJ IDEA 2026.1\jbr\bin\jimage.dll
0x00007ffc68720000 - 0x00007ffc68962000 	C:\windows\SYSTEM32\DBGHELP.DLL
0x00007ffc48cc0000 - 0x00007ffc48cfb000 	C:\windows\SYSTEM32\dbgcore.DLL
0x00007ffc6bb90000 - 0x00007ffc6bc35000 	C:\windows\System32\bcryptPrimitives.dll
0x00007ffc63310000 - 0x00007ffc6332f000 	C:\Program Files\JetBrains\IntelliJ IDEA 2026.1\jbr\bin\java.dll
0x000001eea9c40000 - 0x000001eeaa392000 	C:\windows\System32\SHELL32.dll
0x000001eeaa3a0000 - 0x000001eeaa50a000 	C:\windows\System32\wintypes.dll
0x00007ffc6a830000 - 0x00007ffc6b093000 	C:\windows\System32\windows.storage.dll
0x00007ffc6dad0000 - 0x00007ffc6dbc6000 	C:\windows\System32\SHCORE.dll
0x000001eea54f0000 - 0x000001eea5557000 	C:\windows\System32\shlwapi.dll
0x00007ffc6a6a0000 - 0x00007ffc6a6c9000 	C:\windows\SYSTEM32\profapi.dll
0x00007ffc632f0000 - 0x00007ffc63307000 	C:\Program Files\JetBrains\IntelliJ IDEA 2026.1\jbr\bin\zip.dll
0x00007ffc632d0000 - 0x00007ffc632e2000 	C:\Program Files\JetBrains\IntelliJ IDEA 2026.1\jbr\bin\net.dll
0x00007ffc69a30000 - 0x00007ffc69a9b000 	C:\windows\system32\mswsock.dll
0x00007ffc62790000 - 0x00007ffc627a6000 	C:\Program Files\JetBrains\IntelliJ IDEA 2026.1\jbr\bin\nio.dll
0x00007ffc69da0000 - 0x00007ffc69dbb000 	C:\windows\SYSTEM32\CRYPTSP.dll
0x00007ffc69440000 - 0x00007ffc69479000 	C:\windows\system32\rsaenh.dll
0x00007ffc69ae0000 - 0x00007ffc69b0b000 	C:\windows\SYSTEM32\USERENV.dll
0x00007ffc6a670000 - 0x00007ffc6a69a000 	C:\windows\SYSTEM32\bcrypt.dll
0x00007ffc69c80000 - 0x00007ffc69c8c000 	C:\windows\SYSTEM32\CRYPTBASE.dll
0x00007ffc68ee0000 - 0x00007ffc68f14000 	C:\windows\SYSTEM32\IPHLPAPI.DLL
0x00007ffc6d120000 - 0x00007ffc6d12a000 	C:\windows\System32\NSI.dll
0x00007ffc63080000 - 0x00007ffc6308e000 	C:\Program Files\JetBrains\IntelliJ IDEA 2026.1\jbr\bin\sunmscapi.dll
0x00007ffc69f00000 - 0x00007ffc69f30000 	C:\windows\SYSTEM32\ncrypt.dll
0x00007ffc69eb0000 - 0x00007ffc69eef000 	C:\windows\SYSTEM32\NTASN1.dll
0x00007ffc62770000 - 0x00007ffc62778000 	C:\windows\system32\wshunix.dll
0x00007ffc62700000 - 0x00007ffc62709000 	C:\Program Files\JetBrains\IntelliJ IDEA 2026.1\jbr\bin\extnet.dll

JVMTI agents: none

dbghelp: loaded successfully - version: 4.0.5 - missing functions: none
symbol engine: initialized successfully - sym options: 0x614 - pdb path: .;C:\Program Files\JetBrains\IntelliJ IDEA 2026.1\jbr\bin;C:\windows\SYSTEM32;C:\windows\WinSxS\amd64_microsoft.windows.common-controls_6595b64144ccf1df_6.0.26100.7824_none_3e0870b2e3345462;C:\Windows\pcdrm;C:\Program Files\JetBrains\IntelliJ IDEA 2026.1\jbr\bin\server

VM Arguments:
java_command: git4idea.http.GitAskPassApp Password for 'https://ddaumm@github.com': 
java_class_path (initial): C:/Program Files/JetBrains/IntelliJ IDEA 2026.1/plugins/vcs-git/lib/git4idea-rt.jar;C:/Program Files/JetBrains/IntelliJ IDEA 2026.1/lib/externalProcess-rt.jar
Launcher Type: SUN_STANDARD

[Global flags]
     intx CICompilerCount                          = 4                                         {product} {ergonomic}
     uint ConcGCThreads                            = 3                                         {product} {ergonomic}
     uint G1ConcRefinementThreads                  = 10                                        {product} {ergonomic}
   size_t G1HeapRegionSize                         = 2097152                                   {product} {ergonomic}
   size_t InitialHeapSize                          = 268435456                                 {product} {ergonomic}
   size_t MarkStackSize                            = 4194304                                   {product} {ergonomic}
   size_t MarkStackSizeMax                         = 536870912                                 {product} {ergonomic}
   size_t MaxHeapSize                              = 4278190080                                {product} {ergonomic}
   size_t MaxNewSize                               = 2566914048                                {product} {ergonomic}
   size_t MinHeapDeltaBytes                        = 2097152                                   {product} {ergonomic}
   size_t MinHeapSize                              = 8388608                                   {product} {ergonomic}
    uintx NonNMethodCodeHeapSize                   = 5832704                                {pd product} {ergonomic}
    uintx NonProfiledCodeHeapSize                  = 122945536                              {pd product} {ergonomic}
    uintx ProfiledCodeHeapSize                     = 122880000                              {pd product} {ergonomic}
    uintx ReservedCodeCacheSize                    = 251658240                              {pd product} {ergonomic}
     bool SegmentedCodeCache                       = true                                      {product} {ergonomic}
   size_t SoftMaxHeapSize                          = 4278190080                             {manageable} {ergonomic}
     bool UseCompressedOops                        = true                           {product lp64_product} {ergonomic}
     bool UseG1GC                                  = true                                      {product} {ergonomic}
     bool UseLargePagesIndividualAllocation        = false                                  {pd product} {ergonomic}

Logging:
Log output configuration:
 #0: stdout all=warning uptime,level,tags foldmultilines=false
 #1: stderr all=off uptime,level,tags foldmultilines=false

Release file:
JAVA_VERSION="25.0.2" 
MODULES="java.base java.datatransfer java.xml java.prefs java.desktop gluegen.rt java.compiler java.instrument java.logging java.management java.security.sasl java.naming java.rmi java.management.rmi java.net.http java.scripting java.security.jgss java.transaction.xa java.sql java.sql.rowset java.xml.crypto java.se java.smartcardio jogl.all jcef jdk.accessibility jdk.internal.jvmstat jdk.attach jdk.charsets jdk.internal.opt jdk.zipfs jdk.compiler jdk.crypto.cryptoki jdk.crypto.ec jdk.crypto.mscapi jdk.dynalink jdk.hotspot.agent jdk.httpserver jdk.internal.ed jdk.internal.le jdk.internal.md jdk.internal.vm.ci jdk.javadoc jdk.jcmd jdk.jdwp.agent jdk.jdi jdk.jfr jdk.localedata jdk.management jdk.management.agent jdk.management.jfr jdk.naming.dns jdk.naming.rmi jdk.net jdk.sctp jdk.security.auth jdk.security.jgss jdk.unsupported jdk.unsupported.desktop jdk.xml.dom" 
IMPLEMENTOR="JetBrains s.r.o." 
IMPLEMENTOR_VERSION="JBR-25.0.2+1-329.72-jcef" 
JAVA_RUNTIME_VERSION="25.0.2+1-b329.72" 
LIBC="default" 
OS_ARCH="x86_64" 
OS_NAME="Windows" 
SOURCE=".:git:80f896300e04+ jcef_git:git:4a605f44671a" 
JCEF_VERSION="137.0.17.1131+ga492f5c" 
JCEF_COMMIT_HASH="a492f5c1bbe877d2f58d4b066d0a1c89ab579b84" 
JCEF_VERSION_DETAILED=137.0.17-gf354b0e-chromium-137.0.7151.104-api-1.21-261-b65

Environment Variables:
PATH=C:/Program Files/Git/mingw64/libexec/git-core;C:/Program Files/Git/mingw64/libexec/git-core;C:\Program Files\Git\mingw64\bin;C:\Program Files\Git\usr\bin;C:\Users\SDS\bin;C:\Program Files\Common Files\Oracle\Java\javapath;C:\windows\system32;C:\windows;C:\windows\System32\Wbem;C:\windows\System32\WindowsPowerShell\v1.0\;C:\windows\System32\OpenSSH\;C:\Program Files\Microsoft SQL Server\130\Tools\Binn\;C:\Program Files\Zulu\zulu-8\bin\;C:\Program Files\Git\cmd;C:\Users\SDS\AppData\Local\Microsoft\WindowsApps;C:\Program Files\Bandizip\;C:\Users\SDS\AppData\Local\Programs\Microsoft VS Code\bin;C:\Program Files\JetBrains\IntelliJ IDEA 2026.1\bin
USERNAME=SDS
DISPLAY=:0.0
LC_ALL=en_US.UTF-8
TERM=xterm-256color
TMPDIR=C:\Users\SDS\AppData\Local\Temp
OS=Windows_NT
PROCESSOR_IDENTIFIER=Intel64 Family 6 Model 158 Stepping 10, GenuineIntel
TMP=C:\Users\SDS\AppData\Local\Temp
TEMP=C:\Users\SDS\AppData\Local\Temp




Compilation memory statistics disabled.

Periodic native trim disabled

JNI global refs:
JNI global refs: 20, weak refs: 0

JNI global refs memory usage: 835, weak refs: 833

Process memory usage:
Resident Set Size: 98568K (0% of 16707632K total physical memory with 7586184K free physical memory)

OOME stack traces (most recent first):
Classloader memory used:
Loader bootstrap                                                                       : 1724 K
Loader jdk.internal.loader.ClassLoaders$PlatformClassLoader                            : 1706 K
Loader jdk.internal.loader.ClassLoaders$AppClassLoader                                 : 30960 B

---------------  S Y S T E M  ---------------

OS:
 Windows 11 , 64 bit Build 26100 (10.0.26100.7705)
OS uptime: 2 days 20:38 hours
Hyper-V role detected

CPU: total 12 (initial active 12) (6 cores per cpu, 2 threads per core) family 6 model 158 stepping 10 microcode 0xde, cx8, cmov, fxsr, ht, mmx, 3dnowpref, sse, sse2, sse3, ssse3, sse4.1, sse4.2, popcnt, lzcnt, tsc, tscinvbit, avx, avx2, aes, erms, clmul, bmi1, bmi2, adx, fma, vzeroupper, clflush, clflushopt, hv, rdtscp, f16c
Processor Information for the first 12 processors :
  Max Mhz: 2592, Current Mhz: 2592, Mhz Limit: 2592

Memory: 4k page, system-wide physical 16316M (7406M free)
TotalPageFile size 17340M (AvailPageFile size 5470M)
current process WorkingSet (physical memory assigned to process): 96M, peak: 96M
current process commit charge ("private bytes"): 385M, peak: 386M

vm_info: OpenJDK 64-Bit Server VM (25.0.2+1-b329.72) for windows-amd64 JRE (25.0.2+1-b329.72), built on 2026-03-02 with MS VC++ 17.14 (VS2022)

END.
